<?xml version="1.0" encoding="UTF-8"?>
<testsuite name="testSuite.CalendarTest" tests="1" skipped="0" failures="0" errors="0" timestamp="2023-10-30T19:32:02" hostname="DESKTOP-AHH8JHP" time="15.825">
  <properties/>
  <testcase name="verifyAddEvent()" classname="testSuite.CalendarTest" time="15.825"/>
  <system-out><![CDATA[]]></system-out>
  <system-err><![CDATA[]]></system-err>
</testsuite>
